<?xml version="1.0" encoding="UTF-8"?>
<!-- Generated by org.testng.reporters.JUnitXMLReporter -->
<testsuite ignored="0" hostname="LAPTOP-S6RP08QO" failures="0" tests="3" name="Test" time="19.143" errors="0" timestamp="2025-01-25T21:07:47 GMT">
  <testcase classname="tests.LoginTest" name="loginWithValidCrendetials" time="3.361"/>
  <testcase classname="tests.LoginTest" name="findHighestPriceProduct" time="0.367"/>
  <testcase classname="tests.LoginTest" name="verifyAddToCart" time="10.144"/>
</testsuite> <!-- Test -->
